<?xml version="1.0" encoding="UTF-8"?>
<!-- Generated by org.testng.reporters.JUnitReportReporter -->
<testsuite hostname="LAPTOP-EMDLV1KE" failures="0" tests="1" name="com.pav.testcases.LoginTest" time="0.000" errors="0" timestamp="2023-03-06T12:31:06 EST" skipped="1">
  <testcase classname="com.pav.testcases.LoginTest" name="loginTest" time="0.000">
    <skipped/>
  </testcase> <!-- loginTest -->
  <system-out/>
</testsuite> <!-- com.pav.testcases.LoginTest -->
