<?xml version="1.0" encoding="UTF-8"?>
<!-- Generated by org.testng.reporters.JUnitReportReporter -->
<testsuite hostname="LAPTOP-EMDLV1KE" failures="0" tests="1" name="com.pav.testcases.LoginTest" time="3.248" errors="0" timestamp="2023-03-07T19:38:36 EST" skipped="0">
  <testcase classname="com.pav.testcases.LoginTest" name="loginTest" time="3.248"/>
  <system-out/>
</testsuite> <!-- com.pav.testcases.LoginTest -->
